<?xml version="1.0" encoding="UTF-8"?>
<testsuite xmlns:xsi="http://www.w3.org/2001/XMLSchema-instance" xsi:noNamespaceSchemaLocation="https://maven.apache.org/surefire/maven-surefire-plugin/xsd/surefire-test-report-3.0.xsd" version="3.0" name="com.stellarburgers.tests.UserTest" time="4.586" tests="3" errors="0" skipped="0" failures="0">
  <properties>
[...]
</properties>
  <testcase name="testCreateUserWithoutRequiredField" classname="com.stellarburgers.tests.UserTest" time="2.111">
    <system-err><![CDATA[SLF4J: Failed to load class "org.slf4j.impl.StaticLoggerBinder".
SLF4J: Defaulting to no-operation (NOP) logger implementation
SLF4J: See http://www.slf4j.org/codes.html#StaticLoggerBinder for further details.
]]></system-err>
  </testcase>
  <testcase name="testCreateExistingUser" classname="com.stellarburgers.tests.UserTest" time="1.074"/>
  <testcase name="testCreateUniqueUser" classname="com.stellarburgers.tests.UserTest" time="1.312"/>
</testsuite>